<?xml version="1.0" encoding="UTF-8"?>
<testsuite name="TestStringAndMapBuilders" tests="1" skipped="0" failures="0" errors="0" timestamp="2021-08-19T19:57:28" hostname="WIN-2B973CARUMM" time="0.019">
  <properties/>
  <testcase name="testBuildMap" classname="TestStringAndMapBuilders" time="0.019"/>
  <system-out><![CDATA[]]></system-out>
  <system-err><![CDATA[]]></system-err>
</testsuite>
