<?xml version="1.0" encoding="UTF-8"?>
<testsuite name="Test" tests="2" skipped="0" failures="0" errors="0" timestamp="2021-08-08T19:03:10" hostname="WIN-2B973CARUMM" time="0.011">
  <properties/>
  <testcase name="testNegative" classname="Test" time="0.008"/>
  <testcase name="testLargeNumber" classname="Test" time="0.002"/>
  <system-out><![CDATA[]]></system-out>
  <system-err><![CDATA[]]></system-err>
</testsuite>
