<?xml version="1.0" encoding="UTF-8"?>
<testsuite name="TestFlatMap" tests="2" skipped="0" failures="0" errors="0" timestamp="2021-08-28T22:12:16" hostname="WINDOWS-ID2O6R5" time="0.053">
  <properties/>
  <testcase name="testGetOrderedProductsSet" classname="TestFlatMap" time="0.05"/>
  <testcase name="testGetAllOrderedProducts" classname="TestFlatMap" time="0.003"/>
  <system-out><![CDATA[['IntelliJ IDEA Ultimate' for 199.0, 'IntelliJ IDEA Ultimate' for 199.0, 'IntelliJ IDEA Ultimate' for 199.0]
]]></system-out>
  <system-err><![CDATA[]]></system-err>
</testsuite>
