<?xml version="1.0" encoding="UTF-8"?>
<testsuite name="TestRangeTo" tests="3" skipped="0" failures="0" errors="0" timestamp="2021-08-19T21:29:37" hostname="WIN-2B973CARUMM" time="0.192">
  <properties/>
  <testcase name="testAfter" classname="TestRangeTo" time="0.053"/>
  <testcase name="testBefore" classname="TestRangeTo" time="0.096"/>
  <testcase name="testInRange" classname="TestRangeTo" time="0.04"/>
  <system-out><![CDATA[]]></system-out>
  <system-err><![CDATA[]]></system-err>
</testsuite>
