<?xml version="1.0" encoding="UTF-8"?>
<testsuite name="TestOperatorsOverloading" tests="3" skipped="0" failures="0" errors="0" timestamp="2021-08-29T19:50:51" hostname="WIN-2B973CARUMM" time="0.068">
  <properties/>
  <testcase name="testOneMonth" classname="TestOperatorsOverloading" time="0.063"/>
  <testcase name="testAddOneTimeInterval" classname="TestOperatorsOverloading" time="0.002"/>
  <testcase name="testMonthChange" classname="TestOperatorsOverloading" time="0.002"/>
  <system-out><![CDATA[]]></system-out>
  <system-err><![CDATA[]]></system-err>
</testsuite>
