<?xml version="1.0" encoding="UTF-8"?>
<testsuite name="TestIntroduction" tests="1" skipped="0" failures="0" errors="0" timestamp="2021-08-28T21:07:20" hostname="WINDOWS-ID2O6R5" time="0.055">
  <properties/>
  <testcase name="testSetOfCustomers" classname="TestIntroduction" time="0.055"/>
  <system-out><![CDATA[]]></system-out>
  <system-err><![CDATA[]]></system-err>
</testsuite>
