<?xml version="1.0" encoding="UTF-8"?>
<testsuite name="TestSealedClasses" tests="3" skipped="0" failures="0" errors="0" timestamp="2021-08-22T14:25:41" hostname="WIN-2B973CARUMM" time="0.03">
  <properties/>
  <testcase name="testNum" classname="TestSealedClasses" time="0.015"/>
  <testcase name="testSum" classname="TestSealedClasses" time="0.008"/>
  <testcase name="testRecursion" classname="TestSealedClasses" time="0.006"/>
  <system-out><![CDATA[]]></system-out>
  <system-err><![CDATA[]]></system-err>
</testsuite>
