<?xml version="1.0" encoding="UTF-8"?>
<testsuite name="TestStart" tests="1" skipped="0" failures="0" errors="0" timestamp="2021-08-07T19:10:38" hostname="WIN-2B973CARUMM" time="0.032">
  <properties/>
  <testcase name="testOk" classname="TestStart" time="0.032"/>
  <system-out><![CDATA[]]></system-out>
  <system-err><![CDATA[]]></system-err>
</testsuite>
