<?xml version="1.0" encoding="UTF-8"?>
<testsuite name="TestTheFunctionWith" tests="2" skipped="0" failures="0" errors="0" timestamp="2021-08-19T20:01:27" hostname="WIN-2B973CARUMM" time="0.037">
  <properties/>
  <testcase name="testCreateString" classname="TestTheFunctionWith" time="0.014"/>
  <testcase name="testCreateMap" classname="TestTheFunctionWith" time="0.023"/>
  <system-out><![CDATA[]]></system-out>
  <system-err><![CDATA[]]></system-err>
</testsuite>
