<?xml version="1.0" encoding="UTF-8"?>
<testsuite name="TestSmartCasts" tests="3" skipped="0" failures="0" errors="0" timestamp="2021-08-22T14:22:05" hostname="WIN-2B973CARUMM" time="0.031">
  <properties/>
  <testcase name="testNum" classname="TestSmartCasts" time="0.013"/>
  <testcase name="testSum" classname="TestSmartCasts" time="0.01"/>
  <testcase name="testRecursion" classname="TestSmartCasts" time="0.006"/>
  <system-out><![CDATA[]]></system-out>
  <system-err><![CDATA[]]></system-err>
</testsuite>
