<?xml version="1.0" encoding="UTF-8"?>
<testsuite name="TestStringTemplates" tests="3" skipped="0" failures="0" errors="0" timestamp="2021-08-08T18:39:27" hostname="WIN-2B973CARUMM" time="0.04">
  <properties/>
  <testcase name="match1" classname="TestStringTemplates" time="0.02"/>
  <testcase name="match" classname="TestStringTemplates" time="0.007"/>
  <testcase name="doNotMatch" classname="TestStringTemplates" time="0.01"/>
  <system-out><![CDATA[]]></system-out>
  <system-err><![CDATA[]]></system-err>
</testsuite>
