<?xml version="1.0" encoding="UTF-8"?>
<testsuite name="TestExtensionFunctions" tests="2" skipped="0" failures="0" errors="0" timestamp="2021-08-22T14:32:48" hostname="WIN-2B973CARUMM" time="0.04">
  <properties/>
  <testcase name="testPairExtension" classname="TestExtensionFunctions" time="0.035"/>
  <testcase name="testIntExtension" classname="TestExtensionFunctions" time="0.004"/>
  <system-out><![CDATA[]]></system-out>
  <system-err><![CDATA[]]></system-err>
</testsuite>
