<?xml version="1.0" encoding="UTF-8"?>
<testsuite name="TestProperties" tests="1" skipped="0" failures="0" errors="0" timestamp="2021-08-22T21:11:49" hostname="WIN-2B973CARUMM" time="0.014">
  <properties/>
  <testcase name="testPropertyWithCounter" classname="TestProperties" time="0.014"/>
  <system-out><![CDATA[]]></system-out>
  <system-err><![CDATA[]]></system-err>
</testsuite>
