<?xml version="1.0" encoding="UTF-8"?>
<testsuite name="Test" tests="1" skipped="0" failures="0" errors="0" timestamp="2021-08-08T18:13:40" hostname="WIN-2B973CARUMM" time="0.108">
  <properties/>
  <testcase name="testSolution" classname="Test" time="0.108"/>
  <system-out><![CDATA[]]></system-out>
  <system-err><![CDATA[]]></system-err>
</testsuite>
