<?xml version="1.0" encoding="UTF-8"?>
<testsuite name="TestComparison" tests="2" skipped="0" failures="0" errors="0" timestamp="2021-08-19T20:17:40" hostname="WIN-2B973CARUMM" time="0.017">
  <properties/>
  <testcase name="testAfter" classname="TestComparison" time="0.013"/>
  <testcase name="testBefore" classname="TestComparison" time="0.003"/>
  <system-out><![CDATA[]]></system-out>
  <system-err><![CDATA[]]></system-err>
</testsuite>
