<?xml version="1.0" encoding="UTF-8"?>
<testsuite name="TestSum" tests="2" skipped="0" failures="0" errors="0" timestamp="2021-08-28T21:43:25" hostname="WINDOWS-ID2O6R5" time="0.057">
  <properties/>
  <testcase name="testGetTotalOrderPrice" classname="TestSum" time="0.054"/>
  <testcase name="testGetTotalOrderPrice1" classname="TestSum" time="0.003"/>
  <system-out><![CDATA[]]></system-out>
  <system-err><![CDATA[]]></system-err>
</testsuite>
