<?xml version="1.0" encoding="UTF-8"?>
<testsuite name="TestDelegatesHowItWorks" tests="1" skipped="0" failures="0" errors="0" timestamp="2021-08-27T23:32:15" hostname="WIN-2B973CARUMM" time="0.05">
  <properties/>
  <testcase name="testDate" classname="TestDelegatesHowItWorks" time="0.05"/>
  <system-out><![CDATA[]]></system-out>
  <system-err><![CDATA[]]></system-err>
</testsuite>
