<?xml version="1.0" encoding="UTF-8"?>
<testsuite name="TestLambdas" tests="2" skipped="0" failures="0" errors="0" timestamp="2021-08-08T19:09:19" hostname="WIN-2B973CARUMM" time="0.045">
  <properties/>
  <testcase name="contains" classname="TestLambdas" time="0.041"/>
  <testcase name="notContains" classname="TestLambdas" time="0.003"/>
  <system-out><![CDATA[]]></system-out>
  <system-err><![CDATA[]]></system-err>
</testsuite>
