<?xml version="1.0" encoding="UTF-8"?>
<testsuite name="TestGroupBy" tests="1" skipped="0" failures="0" errors="0" timestamp="2021-08-28T21:44:44" hostname="WINDOWS-ID2O6R5" time="0.047">
  <properties/>
  <testcase name="testGroupCustomersByCity" classname="TestGroupBy" time="0.047"/>
  <system-out><![CDATA[]]></system-out>
  <system-err><![CDATA[]]></system-err>
</testsuite>
